INFO [Fri Jul 29 2016 23:23:20 GMT+0800 (中国标准时间)] login_key:admin
INFO [Fri Jul 29 2016 23:23:20 GMT+0800 (中国标准时间)] login_pwd:d9b1d7db4cd6e70935368a1efb10e377
INFO [Fri Jul 29 2016 23:24:01 GMT+0800 (中国标准时间)] login_key:admin
INFO [Fri Jul 29 2016 23:24:01 GMT+0800 (中国标准时间)] login_pwd:d9b1d7db4cd6e70935368a1efb10e377
INFO [Fri Jul 29 2016 23:31:10 GMT+0800 (中国标准时间)] login_key:admin
INFO [Fri Jul 29 2016 23:31:10 GMT+0800 (中国标准时间)] login_pwd:d9b1d7db4cd6e70935368a1efb10e377
INFO [Fri Jul 29 2016 23:35:28 GMT+0800 (中国标准时间)] login_key:admin
INFO [Fri Jul 29 2016 23:35:28 GMT+0800 (中国标准时间)] login_pwd:d9b1d7db4cd6e70935368a1efb10e377
INFO [Sat Jul 30 2016 00:09:13 GMT+0800 (中国标准时间)] login_key:admin
INFO [Sat Jul 30 2016 00:09:13 GMT+0800 (中国标准时间)] login_pwd:d9b1d7db4cd6e70935368a1efb10e377
INFO [Sat Jul 30 2016 00:10:20 GMT+0800 (中国标准时间)] login_key:admin
INFO [Sat Jul 30 2016 00:10:20 GMT+0800 (中国标准时间)] login_pwd:d9b1d7db4cd6e70935368a1efb10e377
INFO [Sat Jul 30 2016 00:16:43 GMT+0800 (中国标准时间)] login_key:admin
INFO [Sat Jul 30 2016 00:16:43 GMT+0800 (中国标准时间)] login_pwd:d9b1d7db4cd6e70935368a1efb10e377
INFO [Sat Jul 30 2016 00:20:08 GMT+0800 (中国标准时间)] login_key:
INFO [Sat Jul 30 2016 00:20:08 GMT+0800 (中国标准时间)] login_pwd:74be16979710d4c4e7c6647856088456
INFO [Sat Jul 30 2016 00:20:25 GMT+0800 (中国标准时间)] login_key:admin
INFO [Sat Jul 30 2016 00:20:25 GMT+0800 (中国标准时间)] login_pwd:d9b1d7db4cd6e70935368a1efb10e377
INFO [Sat Jul 30 2016 00:20:45 GMT+0800 (中国标准时间)] login_key:admin
INFO [Sat Jul 30 2016 00:20:45 GMT+0800 (中国标准时间)] login_pwd:d9b1d7db4cd6e70935368a1efb10e377
INFO [Sat Jul 30 2016 00:21:07 GMT+0800 (中国标准时间)] login_key:admin
INFO [Sat Jul 30 2016 00:21:07 GMT+0800 (中国标准时间)] login_pwd:d9b1d7db4cd6e70935368a1efb10e377
INFO [Sat Jul 30 2016 00:21:34 GMT+0800 (中国标准时间)] login_key:admin
INFO [Sat Jul 30 2016 00:21:34 GMT+0800 (中国标准时间)] login_pwd:d9b1d7db4cd6e70935368a1efb10e377
INFO [Sat Jul 30 2016 00:21:39 GMT+0800 (中国标准时间)] login_key:admin
INFO [Sat Jul 30 2016 00:21:39 GMT+0800 (中国标准时间)] login_pwd:c3284d0f94606de1fd2af172aba15bf3
INFO [Sat Jul 30 2016 00:22:41 GMT+0800 (中国标准时间)] login_key:admin
INFO [Sat Jul 30 2016 00:22:41 GMT+0800 (中国标准时间)] login_pwd:d9b1d7db4cd6e70935368a1efb10e377
INFO [Sat Jul 30 2016 00:23:23 GMT+0800 (中国标准时间)] login_key:admin
INFO [Sat Jul 30 2016 00:23:23 GMT+0800 (中国标准时间)] login_pwd:c3284d0f94606de1fd2af172aba15bf3
INFO [Sat Jul 30 2016 00:23:42 GMT+0800 (中国标准时间)] login_key:admin
INFO [Sat Jul 30 2016 00:23:42 GMT+0800 (中国标准时间)] login_pwd:d9b1d7db4cd6e70935368a1efb10e377
INFO [Sat Jul 30 2016 00:24:29 GMT+0800 (中国标准时间)] login_key:admin
INFO [Sat Jul 30 2016 00:24:29 GMT+0800 (中国标准时间)] login_pwd:d9b1d7db4cd6e70935368a1efb10e377
INFO [Sat Jul 30 2016 00:24:33 GMT+0800 (中国标准时间)] login_key:admin
INFO [Sat Jul 30 2016 00:24:33 GMT+0800 (中国标准时间)] login_pwd:74be16979710d4c4e7c6647856088456
INFO [Sat Jul 30 2016 00:24:41 GMT+0800 (中国标准时间)] login_key:admin
INFO [Sat Jul 30 2016 00:24:41 GMT+0800 (中国标准时间)] login_pwd:c3284d0f94606de1fd2af172aba15bf3
INFO [Sat Jul 30 2016 00:26:41 GMT+0800 (中国标准时间)] login_key:admin
INFO [Sat Jul 30 2016 00:26:41 GMT+0800 (中国标准时间)] login_pwd:c3284d0f94606de1fd2af172aba15bf3
INFO [Sat Jul 30 2016 00:26:55 GMT+0800 (中国标准时间)] login_key:admin
INFO [Sat Jul 30 2016 00:26:55 GMT+0800 (中国标准时间)] login_pwd:d9b1d7db4cd6e70935368a1efb10e377
INFO [Sat Jul 30 2016 00:27:32 GMT+0800 (中国标准时间)] login_key:admin
INFO [Sat Jul 30 2016 00:27:32 GMT+0800 (中国标准时间)] login_pwd:d9b1d7db4cd6e70935368a1efb10e377
INFO [Sat Jul 30 2016 00:42:09 GMT+0800 (中国标准时间)] login_key:admin
INFO [Sat Jul 30 2016 00:42:09 GMT+0800 (中国标准时间)] login_pwd:d9b1d7db4cd6e70935368a1efb10e377
INFO [Sat Jul 30 2016 00:42:35 GMT+0800 (中国标准时间)] login_key:admin
INFO [Sat Jul 30 2016 00:42:35 GMT+0800 (中国标准时间)] login_pwd:d9b1d7db4cd6e70935368a1efb10e377
INFO [Sat Jul 30 2016 00:43:16 GMT+0800 (中国标准时间)] login_pwd:d9b1d7db4cd6e70935368a1efb10e377
INFO [Sat Jul 30 2016 00:43:16 GMT+0800 (中国标准时间)] login_key:admin
INFO [Sat Jul 30 2016 00:44:24 GMT+0800 (中国标准时间)] login_key:admin
INFO [Sat Jul 30 2016 00:44:24 GMT+0800 (中国标准时间)] login_pwd:d9b1d7db4cd6e70935368a1efb10e377
INFO [Sat Jul 30 2016 00:50:11 GMT+0800 (中国标准时间)] login_key:wh
INFO [Sat Jul 30 2016 00:50:11 GMT+0800 (中国标准时间)] login_pwd:d9b1d7db4cd6e70935368a1efb10e377
INFO [Sat Jul 30 2016 00:50:15 GMT+0800 (中国标准时间)] login_key:wh
INFO [Sat Jul 30 2016 00:50:15 GMT+0800 (中国标准时间)] login_pwd:bd67d538c6fe6520754925137f05b477
INFO [Sat Jul 30 2016 00:50:19 GMT+0800 (中国标准时间)] login_key:wh
INFO [Sat Jul 30 2016 00:50:19 GMT+0800 (中国标准时间)] login_pwd:74be16979710d4c4e7c6647856088456
INFO [Sat Jul 30 2016 00:50:38 GMT+0800 (中国标准时间)] login_key:wh
INFO [Sat Jul 30 2016 00:50:38 GMT+0800 (中国标准时间)] login_pwd:d9b1d7db4cd6e70935368a1efb10e377
INFO [Sat Jul 30 2016 00:53:34 GMT+0800 (中国标准时间)] login_key:admin
INFO [Sat Jul 30 2016 00:53:34 GMT+0800 (中国标准时间)] login_pwd:d9b1d7db4cd6e70935368a1efb10e377
INFO [Sat Jul 30 2016 00:59:23 GMT+0800 (中国标准时间)] login_key:admin
INFO [Sat Jul 30 2016 00:59:23 GMT+0800 (中国标准时间)] login_pwd:76f499ea8cd4d3c1ecef6de361a360b5
INFO [Sat Jul 30 2016 00:59:30 GMT+0800 (中国标准时间)] login_key:admin
INFO [Sat Jul 30 2016 00:59:30 GMT+0800 (中国标准时间)] login_pwd:c3284d0f94606de1fd2af172aba15bf3
INFO [Sat Jul 30 2016 00:59:34 GMT+0800 (中国标准时间)] login_key:admin
INFO [Sat Jul 30 2016 00:59:34 GMT+0800 (中国标准时间)] login_pwd:d9b1d7db4cd6e70935368a1efb10e377
INFO [Sat Jul 30 2016 01:00:07 GMT+0800 (中国标准时间)] login_key:admin
INFO [Sat Jul 30 2016 01:00:07 GMT+0800 (中国标准时间)] login_pwd:d9b1d7db4cd6e70935368a1efb10e377
INFO [Sat Jul 30 2016 01:01:50 GMT+0800 (中国标准时间)] login_key:admin
INFO [Sat Jul 30 2016 01:01:50 GMT+0800 (中国标准时间)] login_pwd:d9b1d7db4cd6e70935368a1efb10e377
INFO [Sat Jul 30 2016 01:02:03 GMT+0800 (中国标准时间)] login_key:iHiking
INFO [Sat Jul 30 2016 01:02:03 GMT+0800 (中国标准时间)] login_pwd:d9b1d7db4cd6e70935368a1efb10e377
INFO [Sat Jul 30 2016 01:02:09 GMT+0800 (中国标准时间)] login_key:iHiking
INFO [Sat Jul 30 2016 01:02:09 GMT+0800 (中国标准时间)] login_pwd:c3284d0f94606de1fd2af172aba15bf3
INFO [Sat Jul 30 2016 01:02:32 GMT+0800 (中国标准时间)] login_key:iHiking
INFO [Sat Jul 30 2016 01:02:32 GMT+0800 (中国标准时间)] login_pwd:d9b1d7db4cd6e70935368a1efb10e377
INFO [Sat Jul 30 2016 01:02:36 GMT+0800 (中国标准时间)] login_key:iHiking
INFO [Sat Jul 30 2016 01:02:36 GMT+0800 (中国标准时间)] login_pwd:c3284d0f94606de1fd2af172aba15bf3
INFO [Sat Jul 30 2016 01:02:55 GMT+0800 (中国标准时间)] login_key:admin
INFO [Sat Jul 30 2016 01:02:55 GMT+0800 (中国标准时间)] login_pwd:d9b1d7db4cd6e70935368a1efb10e377
INFO [Mon Aug 01 2016 21:35:37 GMT+0800 (中国标准时间)] login_key:admin
INFO [Mon Aug 01 2016 21:35:37 GMT+0800 (中国标准时间)] login_pwd:3049a1f0f1c808cdaa4fbed0e01649b1
INFO [Mon Aug 01 2016 21:35:41 GMT+0800 (中国标准时间)] login_key:admin
INFO [Mon Aug 01 2016 21:35:41 GMT+0800 (中国标准时间)] login_pwd:d9b1d7db4cd6e70935368a1efb10e377
INFO [Mon Aug 01 2016 22:21:09 GMT+0800 (中国标准时间)] login_key:ming
INFO [Mon Aug 01 2016 22:21:09 GMT+0800 (中国标准时间)] login_pwd:d9b1d7db4cd6e70935368a1efb10e377
INFO [Mon Aug 01 2016 22:27:09 GMT+0800 (中国标准时间)] login_key:ming
INFO [Mon Aug 01 2016 22:27:09 GMT+0800 (中国标准时间)] login_pwd:d9b1d7db4cd6e70935368a1efb10e377
INFO [Mon Aug 01 2016 22:45:06 GMT+0800 (中国标准时间)] login_key:ming
INFO [Mon Aug 01 2016 22:45:06 GMT+0800 (中国标准时间)] login_pwd:d9b1d7db4cd6e70935368a1efb10e377
INFO [Mon Aug 01 2016 22:57:57 GMT+0800 (中国标准时间)] login_key:ming
INFO [Mon Aug 01 2016 22:57:57 GMT+0800 (中国标准时间)] login_pwd:d9b1d7db4cd6e70935368a1efb10e377
INFO [Mon Aug 01 2016 23:01:00 GMT+0800 (中国标准时间)] login_key:
INFO [Mon Aug 01 2016 23:01:00 GMT+0800 (中国标准时间)] login_pwd:74be16979710d4c4e7c6647856088456
INFO [Mon Aug 01 2016 23:01:22 GMT+0800 (中国标准时间)] login_key:admin
INFO [Mon Aug 01 2016 23:01:22 GMT+0800 (中国标准时间)] login_pwd:d9b1d7db4cd6e70935368a1efb10e377
